<?xml version="1.0" encoding="UTF-8"?>
<!-- Generated by org.testng.reporters.JUnitXMLReporter -->
<testsuite ignored="0" hostname="DL54W4WV2" failures="2" tests="2" name="Group 2" time="12.557" errors="0" timestamp="2022-09-28T14:03:15 ICT">
  <testcase classname="test.global.footer.FooterTest" name="testFooterCategoryPage" time="9.849">
    <failure type="java.lang.AssertionError" message=" Demo taking screenshot when test is failed!">
      <![CDATA[java.lang.AssertionError:  Demo taking screenshot when test is failed!
at test.global.footer.FooterTest.testFooterCategoryPage(FooterTest.java:16)
at java.base/java.util.ArrayList.forEach(ArrayList.java:1511)
at java.base/java.util.concurrent.FutureTask.run(FutureTask.java:264)
at java.base/java.util.concurrent.ThreadPoolExecutor.runWorker(ThreadPoolExecutor.java:1130)
at java.base/java.util.concurrent.ThreadPoolExecutor$Worker.run(ThreadPoolExecutor.java:630)
at java.base/java.lang.Thread.run(Thread.java:832)
... Removed 19 stack frames]]>
    </failure>
  </testcase> <!-- testFooterCategoryPage -->
  <testcase classname="test.global.footer.FooterTest" name="testFooterHomePage" time="1.236">
    <failure type="java.lang.AssertionError" message="[ERR] Actual and expected hrefs are different!: Lists differ at element [0]: http://demowebshop.tricentis.com/sitemap != https://demowebshop.tricentis.com/sitemap expected [http://demowebshop.tricentis.com/sitemap] but found [https://demowebshop.tricentis.com/sitemap]">
      <![CDATA[java.lang.AssertionError: [ERR] Actual and expected hrefs are different!: Lists differ at element [0]: http://demowebshop.tricentis.com/sitemap != https://demowebshop.tricentis.com/sitemap expected [http://demowebshop.tricentis.com/sitemap] but found [https://demowebshop.tricentis.com/sitemap]
at test_flows.global.FooterTestFlow.verifyFooterColumn(FooterTestFlow.java:132)
at test_flows.global.FooterTestFlow.verifyInformationColumn(FooterTestFlow.java:48)
at test_flows.global.FooterTestFlow.verifyFooterComponent(FooterTestFlow.java:35)
at test.global.footer.FooterTest.testFooterHomePage(FooterTest.java:27)
at java.base/java.util.ArrayList.forEach(ArrayList.java:1511)
at java.base/java.util.concurrent.FutureTask.run(FutureTask.java:264)
at java.base/java.util.concurrent.ThreadPoolExecutor.runWorker(ThreadPoolExecutor.java:1130)
at java.base/java.util.concurrent.ThreadPoolExecutor$Worker.run(ThreadPoolExecutor.java:630)
at java.base/java.lang.Thread.run(Thread.java:832)
... Removed 22 stack frames]]>
    </failure>
  </testcase> <!-- testFooterHomePage -->
</testsuite> <!-- Group 2 -->
