<?xml version="1.0" encoding="UTF-8"?>
<!-- Generated by org.testng.reporters.JUnitXMLReporter -->
<testsuite ignored="2" hostname="DL54W4WV2" failures="0" tests="6" name="Group 1" time="161.696" errors="0" timestamp="2022-09-28T14:05:44 ICT">
  <testcase classname="test.global.footer.computer.BuyingCheapComputerTest" name="testCheapComputerBuying" time="45.719"/>
  <testcase classname="test.global.footer.computer.BuyingCheapComputerTest" name="testCheapComputerBuying" time="22.665"/>
  <testcase classname="test.global.footer.computer.BuyingCheapComputerTest" name="testCheapComputerBuying" time="22.114"/>
  <testcase classname="test.global.footer.computer.BuyingStandardComputerTest" name="testStandardComputerBuying" time="23.682"/>
  <testcase classname="test.global.footer.computer.BuyingStandardComputerTest" name="testStandardComputerBuying" time="23.935"/>
  <testcase classname="test.global.footer.computer.BuyingStandardComputerTest" name="testStandardComputerBuying" time="22.362"/>
  <testcase classname="test.BaseTest" name="@AfterTest closeBrowserSession" time="0.0">
    <ignored/>
  </testcase> <!-- @AfterTest closeBrowserSession -->
  <testcase classname="test.BaseTest" name="@BeforeTest initBrowserSession" time="0.0">
    <ignored/>
  </testcase> <!-- @BeforeTest initBrowserSession -->
</testsuite> <!-- Group 1 -->
