<?xml version="1.0" encoding="UTF-8"?>
<!-- Generated by org.testng.reporters.JUnitXMLReporter -->
<testsuite ignored="0" hostname="DL54W4WV2" failures="0" tests="6" name="Group 3" time="0.222" errors="0" timestamp="2022-09-28T14:03:03 ICT">
  <testcase classname="test.testng.DataProviderComputerData" name="testDataProvider" time="0.099"/>
  <testcase classname="test.testng.DataProviderComputerData" name="testDataProvider" time="0.003"/>
  <testcase classname="test.testng.DataProviderComputerData" name="testDataProvider" time="0.002"/>
  <testcase classname="test.testng.DataProviderTest" name="testDataProvider" time="0.001"/>
  <testcase classname="test.testng.DataProviderTest" name="testDataProvider" time="0.002"/>
  <testcase classname="test.testng.DataProviderTest" name="testDataProvider" time="0.001"/>
</testsuite> <!-- Group 3 -->
